<?xml version="1.0" encoding="UTF-8"?>
<!-- Generated by org.testng.reporters.JUnitReportReporter -->
<testsuite hostname="DESKTOP-E3DUP2L" name="com.sstechqa.basic.TestNGRunner" tests="1" failures="0" timestamp="9 Jan 2019 01:10:41 GMT" time="0.015" errors="0">
  <testcase name="testONe" time="0.015" classname="com.sstechqa.basic.TestNGRunner"/>
</testsuite> <!-- com.sstechqa.basic.TestNGRunner -->
