<?xml version="1.0" encoding="UTF-8"?>
<!-- Generated by org.testng.reporters.JUnitReportReporter -->
<testsuite hostname="DESKTOP-E3DUP2L" name="com.sstechqa.basic.CrossBrowser" tests="2" failures="0" timestamp="9 Jan 2019 21:48:09 GMT" time="79.489" errors="1">
  <testcase name="browserTest" time="31.617" classname="com.sstechqa.basic.CrossBrowser"/>
  <testcase name="browserTest" time="47.872" classname="com.sstechqa.basic.CrossBrowser">
    <error type="org.openqa.selenium.WebDriverException" message="Failed to connect to binary FirefoxBinary(C:\Program Files\Mozilla Firefox\firefox.exe) on port 7055; process output follows: 
ator&quot;:null,&quot;developers&quot;:null,&quot;translators&quot;:null,&quot;contributors&quot;:null,&quot;locales&quot;:[&quot;fi&quot;]},{&quot;name&quot;:&quot;McAfeeÂ® WebAdvisor&quot;,&quot;description&quot;:&quot;McAfeeÂ® WebAdvisor&quot;,&quot;creator&quot;:null,&quot;developers&quot;:null,&quot;translators&quot;:null,&quot;contributors&quot;:null,&quot;locales&quot;:[&quot;el&quot;]},{&quot;name&quot;:&quot;McAfeeÂ® WebAdvisor&quot;,&quot;description&quot;:&quot;McAfeeÂ® WebAdvisor&quot;,&quot;creator&quot;:null,&quot;developers&quot;:null,&quot;translators&quot;:null,&quot;contributors&quot;:null,&quot;locales&quot;:[&quot;es&quot;]},{&quot;name&quot;:&quot;McAfeeÂ® WebAdvisor&quot;,&quot;description&quot;:&quot;McAfeeÂ® WebAdvisor&quot;,&quot;creator&quot;:null,&quot;developers&quot;:null,&quot;translators&quot;:null,&quot;contributors&quot;:null,&quot;locales&quot;:[&quot;pt-BR&quot;]},{&quot;name&quot;:&quot;McAfeeÂ® WebAdvisor&quot;,&quot;description&quot;:&quot;McAfeeÂ® WebAdvisor&quot;,&quot;creator&quot;:null,&quot;developers&quot;:null,&quot;translators&quot;:null,&quot;contributors&quot;:null,&quot;locales&quot;:[&quot;zh-TW&quot;]},{&quot;name&quot;:&quot;McAfeeÂ® WebAdvisor&quot;,&quot;description&quot;:&quot;McAfeeÂ® WebAdvisor&quot;,&quot;creator&quot;:null,&quot;developers&quot;:null,&quot;translators&quot;:null,&quot;contributors&quot;:null,&quot;locales&quot;:[&quot;da&quot;]},{&quot;name&quot;:&quot;McAfeeÂ® WebAdvisor&quot;,&quot;description&quot;:&quot;McAfeeÂ® WebAdvisor&quot;,&quot;creator&quot;:null,&quot;developers&quot;:null,&quot;translators&quot;:null,&quot;contributors&quot;:null,&quot;locales&quot;:[&quot;tr&quot;]},{&quot;name&quot;:&quot;McAfeeÂ® WebAdvisor&quot;,&quot;description&quot;:&quot;McAfeeÂ® WebAdvisor&quot;,&quot;creator&quot;:null,&quot;developers&quot;:null,&quot;translators&quot;:null,&quot;contributors&quot;:null,&quot;locales&quot;:[&quot;nl&quot;]}],&quot;targetApplications&quot;:[{&quot;id&quot;:&quot;toolkit@mozilla.org&quot;,&quot;minVersion&quot;:&quot;51.0&quot;,&quot;maxVersion&quot;:null}],&quot;targetPlatforms&quot;:[],&quot;signedState&quot;:2,&quot;seen&quot;:false,&quot;dependencies&quot;:[],&quot;hasEmbeddedWebExtension&quot;:false,&quot;userPermissions&quot;:{&quot;permissions&quot;:[&quot;tabs&quot;,&quot;downloads&quot;,&quot;nativeMessaging&quot;,&quot;webRequest&quot;,&quot;storage&quot;],&quot;origins&quot;:[&quot;&lt;all_urls&gt;&quot;,&quot;http://*/*&quot;,&quot;https://*/*&quot;]},&quot;icons&quot;:{&quot;128&quot;:&quot;images/webadvisor.png&quot;},&quot;iconURL&quot;:null,&quot;icon64URL&quot;:null,&quot;blocklistState&quot;:0,&quot;blocklistURL&quot;:null,&quot;startupData&quot;:null,&quot;hidden&quot;:false,&quot;installTelemetryInfo&quot;:{&quot;source&quot;:&quot;winreg-app-global&quot;,&quot;method&quot;:&quot;sideload&quot;},&quot;location&quot;:&quot;winreg-app-global&quot;}
1547070449836	addons.xpi-utils	DEBUG	Updating add-on states
1547070449839	addons.xpi	DEBUG	Calling bootstrap method startup on formautofill@mozilla.org version 1.0
1547070449841	addons.xpi	DEBUG	Calling bootstrap method startup on screenshots@mozilla.org version 35.0.0
1547070449842	addons.xpi	DEBUG	Calling bootstrap method startup on webcompat@mozilla.org version 3.0.0
1547070449845	addons.manager	DEBUG	Registering shutdown blocker for XPIProvider
1547070449846	addons.manager	DEBUG	Provider finished startup: XPIProvider
1547070449846	addons.manager	DEBUG	Starting provider: LightweightThemeManager
1547070449846	addons.manager	DEBUG	Registering shutdown blocker for LightweightThemeManager
1547070449846	addons.manager	DEBUG	Provider finished startup: LightweightThemeManager
1547070449847	addons.manager	DEBUG	Starting provider: GMPProvider
1547070449853	addons.manager	DEBUG	Registering shutdown blocker for GMPProvider
1547070449853	addons.manager	DEBUG	Provider finished startup: GMPProvider
1547070449853	addons.manager	DEBUG	Starting provider: PluginProvider
1547070449854	addons.manager	DEBUG	Registering shutdown blocker for PluginProvider
1547070449854	addons.manager	DEBUG	Provider finished startup: PluginProvider
1547070449860	addons.manager	DEBUG	Completed startup sequence
1547070453146	addons.repository	DEBUG	No addons.json found.
1547070453968	addons.manager	DEBUG	Registering upgrade listener for formautofill@mozilla.org
1547070455865	addons.xpi	DEBUG	Ignoring file: name is not a valid add-on ID: C:\Users\yusuf\AppData\Local\Temp\anonymous7373541650721769898webdriver-profile\extensions\webdriver-staging
1547070455866	addons.xpi	DEBUG	Existing add-on formautofill@mozilla.org in app-system-defaults
1547070455866	addons.xpi	DEBUG	Existing add-on screenshots@mozilla.org in app-system-defaults
1547070455866	addons.xpi	DEBUG	Existing add-on webcompat-reporter@mozilla.org in app-system-defaults
1547070455866	addons.xpi	DEBUG	Existing add-on webcompat@mozilla.org in app-system-defaults
1547070455868	addons.xpi	DEBUG	Existing add-on {4ED1F68A-5463-4931-9384-8FFF5ED91D92} in winreg-app-global
1547070455868	addons.xpi	DEBUG	scanForChanges changed: false, state: {}
JavaScript error: resource://gre/modules/addons/XPIProvider.jsm, line 2600: TypeError: addon is null

Build info: version: &#039;2.52.0&#039;, revision: &#039;4c2593cfc3689a7fcd7be52549167e5ccc93ad28&#039;, time: &#039;2016-02-11 11:22:43&#039;
System info: host: &#039;DESKTOP-E3DUP2L&#039;, ip: &#039;172.29.1.85&#039;, os.name: &#039;Windows 10&#039;, os.arch: &#039;amd64&#039;, os.version: &#039;10.0&#039;, java.version: &#039;1.8.0_162&#039;
Driver info: driver.version: FirefoxDriver">
      <![CDATA[org.openqa.selenium.WebDriverException: Failed to connect to binary FirefoxBinary(C:\Program Files\Mozilla Firefox\firefox.exe) on port 7055; process output follows: 
ator":null,"developers":null,"translators":null,"contributors":null,"locales":["fi"]},{"name":"McAfeeÂ® WebAdvisor","description":"McAfeeÂ® WebAdvisor","creator":null,"developers":null,"translators":null,"contributors":null,"locales":["el"]},{"name":"McAfeeÂ® WebAdvisor","description":"McAfeeÂ® WebAdvisor","creator":null,"developers":null,"translators":null,"contributors":null,"locales":["es"]},{"name":"McAfeeÂ® WebAdvisor","description":"McAfeeÂ® WebAdvisor","creator":null,"developers":null,"translators":null,"contributors":null,"locales":["pt-BR"]},{"name":"McAfeeÂ® WebAdvisor","description":"McAfeeÂ® WebAdvisor","creator":null,"developers":null,"translators":null,"contributors":null,"locales":["zh-TW"]},{"name":"McAfeeÂ® WebAdvisor","description":"McAfeeÂ® WebAdvisor","creator":null,"developers":null,"translators":null,"contributors":null,"locales":["da"]},{"name":"McAfeeÂ® WebAdvisor","description":"McAfeeÂ® WebAdvisor","creator":null,"developers":null,"translators":null,"contributors":null,"locales":["tr"]},{"name":"McAfeeÂ® WebAdvisor","description":"McAfeeÂ® WebAdvisor","creator":null,"developers":null,"translators":null,"contributors":null,"locales":["nl"]}],"targetApplications":[{"id":"toolkit@mozilla.org","minVersion":"51.0","maxVersion":null}],"targetPlatforms":[],"signedState":2,"seen":false,"dependencies":[],"hasEmbeddedWebExtension":false,"userPermissions":{"permissions":["tabs","downloads","nativeMessaging","webRequest","storage"],"origins":["<all_urls>","http://*/*","https://*/*"]},"icons":{"128":"images/webadvisor.png"},"iconURL":null,"icon64URL":null,"blocklistState":0,"blocklistURL":null,"startupData":null,"hidden":false,"installTelemetryInfo":{"source":"winreg-app-global","method":"sideload"},"location":"winreg-app-global"}
1547070449836	addons.xpi-utils	DEBUG	Updating add-on states
1547070449839	addons.xpi	DEBUG	Calling bootstrap method startup on formautofill@mozilla.org version 1.0
1547070449841	addons.xpi	DEBUG	Calling bootstrap method startup on screenshots@mozilla.org version 35.0.0
1547070449842	addons.xpi	DEBUG	Calling bootstrap method startup on webcompat@mozilla.org version 3.0.0
1547070449845	addons.manager	DEBUG	Registering shutdown blocker for XPIProvider
1547070449846	addons.manager	DEBUG	Provider finished startup: XPIProvider
1547070449846	addons.manager	DEBUG	Starting provider: LightweightThemeManager
1547070449846	addons.manager	DEBUG	Registering shutdown blocker for LightweightThemeManager
1547070449846	addons.manager	DEBUG	Provider finished startup: LightweightThemeManager
1547070449847	addons.manager	DEBUG	Starting provider: GMPProvider
1547070449853	addons.manager	DEBUG	Registering shutdown blocker for GMPProvider
1547070449853	addons.manager	DEBUG	Provider finished startup: GMPProvider
1547070449853	addons.manager	DEBUG	Starting provider: PluginProvider
1547070449854	addons.manager	DEBUG	Registering shutdown blocker for PluginProvider
1547070449854	addons.manager	DEBUG	Provider finished startup: PluginProvider
1547070449860	addons.manager	DEBUG	Completed startup sequence
1547070453146	addons.repository	DEBUG	No addons.json found.
1547070453968	addons.manager	DEBUG	Registering upgrade listener for formautofill@mozilla.org
1547070455865	addons.xpi	DEBUG	Ignoring file: name is not a valid add-on ID: C:\Users\yusuf\AppData\Local\Temp\anonymous7373541650721769898webdriver-profile\extensions\webdriver-staging
1547070455866	addons.xpi	DEBUG	Existing add-on formautofill@mozilla.org in app-system-defaults
1547070455866	addons.xpi	DEBUG	Existing add-on screenshots@mozilla.org in app-system-defaults
1547070455866	addons.xpi	DEBUG	Existing add-on webcompat-reporter@mozilla.org in app-system-defaults
1547070455866	addons.xpi	DEBUG	Existing add-on webcompat@mozilla.org in app-system-defaults
1547070455868	addons.xpi	DEBUG	Existing add-on {4ED1F68A-5463-4931-9384-8FFF5ED91D92} in winreg-app-global
1547070455868	addons.xpi	DEBUG	scanForChanges changed: false, state: {}
JavaScript error: resource://gre/modules/addons/XPIProvider.jsm, line 2600: TypeError: addon is null

Build info: version: '2.52.0', revision: '4c2593cfc3689a7fcd7be52549167e5ccc93ad28', time: '2016-02-11 11:22:43'
System info: host: 'DESKTOP-E3DUP2L', ip: '172.29.1.85', os.name: 'Windows 10', os.arch: 'amd64', os.version: '10.0', java.version: '1.8.0_162'
Driver info: driver.version: FirefoxDriver
	at org.openqa.selenium.firefox.internal.NewProfileExtensionConnection.start(NewProfileExtensionConnection.java:125)
	at org.openqa.selenium.firefox.FirefoxDriver.startClient(FirefoxDriver.java:271)
	at org.openqa.selenium.remote.RemoteWebDriver.<init>(RemoteWebDriver.java:119)
	at org.openqa.selenium.firefox.FirefoxDriver.<init>(FirefoxDriver.java:216)
	at org.openqa.selenium.firefox.FirefoxDriver.<init>(FirefoxDriver.java:211)
	at org.openqa.selenium.firefox.FirefoxDriver.<init>(FirefoxDriver.java:207)
	at org.openqa.selenium.firefox.FirefoxDriver.<init>(FirefoxDriver.java:120)
	at com.sstechqa.basic.CrossBrowser.browserTest(CrossBrowser.java:28)
	at sun.reflect.NativeMethodAccessorImpl.invoke0(Native Method)
	at sun.reflect.NativeMethodAccessorImpl.invoke(NativeMethodAccessorImpl.java:62)
	at sun.reflect.DelegatingMethodAccessorImpl.invoke(DelegatingMethodAccessorImpl.java:43)
	at java.lang.reflect.Method.invoke(Method.java:498)
	at org.testng.internal.MethodInvocationHelper.invokeMethod(MethodInvocationHelper.java:86)
	at org.testng.internal.Invoker.invokeMethod(Invoker.java:643)
	at org.testng.internal.Invoker.invokeTestMethod(Invoker.java:820)
	at org.testng.internal.Invoker.invokeTestMethods(Invoker.java:1128)
	at org.testng.internal.TestMethodWorker.invokeTestMethods(TestMethodWorker.java:129)
	at org.testng.internal.TestMethodWorker.run(TestMethodWorker.java:112)
	at org.testng.TestRunner.privateRun(TestRunner.java:782)
	at org.testng.TestRunner.run(TestRunner.java:632)
	at org.testng.SuiteRunner.runTest(SuiteRunner.java:366)
	at org.testng.SuiteRunner.access$000(SuiteRunner.java:39)
	at org.testng.SuiteRunner$SuiteWorker.run(SuiteRunner.java:400)
	at org.testng.internal.thread.ThreadUtil$2.call(ThreadUtil.java:64)
	at java.util.concurrent.FutureTask.run(FutureTask.java:266)
	at java.util.concurrent.ThreadPoolExecutor.runWorker(ThreadPoolExecutor.java:1149)
	at java.util.concurrent.ThreadPoolExecutor$Worker.run(ThreadPoolExecutor.java:624)
	at java.lang.Thread.run(Thread.java:748)
Caused by: org.openqa.selenium.firefox.NotConnectedException: Unable to connect to host 127.0.0.1 on port 7055 after 45000 ms. Firefox console output:
ator":null,"developers":null,"translators":null,"contributors":null,"locales":["fi"]},{"name":"McAfeeÂ® WebAdvisor","description":"McAfeeÂ® WebAdvisor","creator":null,"developers":null,"translators":null,"contributors":null,"locales":["el"]},{"name":"McAfeeÂ® WebAdvisor","description":"McAfeeÂ® WebAdvisor","creator":null,"developers":null,"translators":null,"contributors":null,"locales":["es"]},{"name":"McAfeeÂ® WebAdvisor","description":"McAfeeÂ® WebAdvisor","creator":null,"developers":null,"translators":null,"contributors":null,"locales":["pt-BR"]},{"name":"McAfeeÂ® WebAdvisor","description":"McAfeeÂ® WebAdvisor","creator":null,"developers":null,"translators":null,"contributors":null,"locales":["zh-TW"]},{"name":"McAfeeÂ® WebAdvisor","description":"McAfeeÂ® WebAdvisor","creator":null,"developers":null,"translators":null,"contributors":null,"locales":["da"]},{"name":"McAfeeÂ® WebAdvisor","description":"McAfeeÂ® WebAdvisor","creator":null,"developers":null,"translators":null,"contributors":null,"locales":["tr"]},{"name":"McAfeeÂ® WebAdvisor","description":"McAfeeÂ® WebAdvisor","creator":null,"developers":null,"translators":null,"contributors":null,"locales":["nl"]}],"targetApplications":[{"id":"toolkit@mozilla.org","minVersion":"51.0","maxVersion":null}],"targetPlatforms":[],"signedState":2,"seen":false,"dependencies":[],"hasEmbeddedWebExtension":false,"userPermissions":{"permissions":["tabs","downloads","nativeMessaging","webRequest","storage"],"origins":["<all_urls>","http://*/*","https://*/*"]},"icons":{"128":"images/webadvisor.png"},"iconURL":null,"icon64URL":null,"blocklistState":0,"blocklistURL":null,"startupData":null,"hidden":false,"installTelemetryInfo":{"source":"winreg-app-global","method":"sideload"},"location":"winreg-app-global"}
1547070449836	addons.xpi-utils	DEBUG	Updating add-on states
1547070449839	addons.xpi	DEBUG	Calling bootstrap method startup on formautofill@mozilla.org version 1.0
1547070449841	addons.xpi	DEBUG	Calling bootstrap method startup on screenshots@mozilla.org version 35.0.0
1547070449842	addons.xpi	DEBUG	Calling bootstrap method startup on webcompat@mozilla.org version 3.0.0
1547070449845	addons.manager	DEBUG	Registering shutdown blocker for XPIProvider
1547070449846	addons.manager	DEBUG	Provider finished startup: XPIProvider
1547070449846	addons.manager	DEBUG	Starting provider: LightweightThemeManager
1547070449846	addons.manager	DEBUG	Registering shutdown blocker for LightweightThemeManager
1547070449846	addons.manager	DEBUG	Provider finished startup: LightweightThemeManager
1547070449847	addons.manager	DEBUG	Starting provider: GMPProvider
1547070449853	addons.manager	DEBUG	Registering shutdown blocker for GMPProvider
1547070449853	addons.manager	DEBUG	Provider finished startup: GMPProvider
1547070449853	addons.manager	DEBUG	Starting provider: PluginProvider
1547070449854	addons.manager	DEBUG	Registering shutdown blocker for PluginProvider
1547070449854	addons.manager	DEBUG	Provider finished startup: PluginProvider
1547070449860	addons.manager	DEBUG	Completed startup sequence
1547070453146	addons.repository	DEBUG	No addons.json found.
1547070453968	addons.manager	DEBUG	Registering upgrade listener for formautofill@mozilla.org
1547070455865	addons.xpi	DEBUG	Ignoring file: name is not a valid add-on ID: C:\Users\yusuf\AppData\Local\Temp\anonymous7373541650721769898webdriver-profile\extensions\webdriver-staging
1547070455866	addons.xpi	DEBUG	Existing add-on formautofill@mozilla.org in app-system-defaults
1547070455866	addons.xpi	DEBUG	Existing add-on screenshots@mozilla.org in app-system-defaults
1547070455866	addons.xpi	DEBUG	Existing add-on webcompat-reporter@mozilla.org in app-system-defaults
1547070455866	addons.xpi	DEBUG	Existing add-on webcompat@mozilla.org in app-system-defaults
1547070455868	addons.xpi	DEBUG	Existing add-on {4ED1F68A-5463-4931-9384-8FFF5ED91D92} in winreg-app-global
1547070455868	addons.xpi	DEBUG	scanForChanges changed: false, state: {}
JavaScript error: resource://gre/modules/addons/XPIProvider.jsm, line 2600: TypeError: addon is null

	at org.openqa.selenium.firefox.internal.NewProfileExtensionConnection.start(NewProfileExtensionConnection.java:113)
	... 27 more
]]>
    </error>
  </testcase> <!-- browserTest -->
</testsuite> <!-- com.sstechqa.basic.CrossBrowser -->
